<?xml version="1.0" encoding="UTF-8"?>
<!-- Generated by org.testng.reporters.JUnitXMLReporter -->
<testsuite hostname="DESKTOP-2TMQMFN" ignored="0" name="Test" tests="6" failures="0" timestamp="01 Jan 2019 05:14:45 GMT" time="21.418" errors="0">
  <testcase name="launchFlightReservationApplication" time="3.21" classname="testcases.ExcuteTest"/>
  <testcase name="verifyLinks" time="0.164" classname="testcases.ExcuteTest"/>
  <testcase name="verifyWebTable" time="1.075" classname="testcases.ExcuteTest"/>
  <testcase name="login" time="4.733" classname="testcases.ExcuteTest"/>
  <testcase name="reserveAFlight" time="3.007" classname="testcases.ExcuteTest"/>
  <testcase name="bookATicket" time="1.822" classname="testcases.ExcuteTest"/>
</testsuite> <!-- Test -->
